/home/naor/Ai_gps_ros2/install/drone_project/lib/python3.10/site-packages/drone_project/optical_flow_processor.py
/home/naor/Ai_gps_ros2/install/drone_project/lib/python3.10/site-packages/drone_project/get_data.py
/home/naor/Ai_gps_ros2/install/drone_project/lib/python3.10/site-packages/drone_project/esc_data_processor.py
/home/naor/Ai_gps_ros2/install/drone_project/lib/python3.10/site-packages/drone_project/__init__.py
/home/naor/Ai_gps_ros2/install/drone_project/lib/python3.10/site-packages/drone_project/test.py
/home/naor/Ai_gps_ros2/install/drone_project/lib/python3.10/site-packages/drone_project/pose_converter.py
/home/naor/Ai_gps_ros2/install/drone_project/lib/python3.10/site-packages/drone_project/__pycache__/optical_flow_processor.cpython-310.pyc
/home/naor/Ai_gps_ros2/install/drone_project/lib/python3.10/site-packages/drone_project/__pycache__/get_data.cpython-310.pyc
/home/naor/Ai_gps_ros2/install/drone_project/lib/python3.10/site-packages/drone_project/__pycache__/esc_data_processor.cpython-310.pyc
/home/naor/Ai_gps_ros2/install/drone_project/lib/python3.10/site-packages/drone_project/__pycache__/__init__.cpython-310.pyc
/home/naor/Ai_gps_ros2/install/drone_project/lib/python3.10/site-packages/drone_project/__pycache__/test.cpython-310.pyc
/home/naor/Ai_gps_ros2/install/drone_project/lib/python3.10/site-packages/drone_project/__pycache__/pose_converter.cpython-310.pyc
/home/naor/Ai_gps_ros2/install/drone_project/share/drone_project/package.xml
/home/naor/Ai_gps_ros2/install/drone_project/share/drone_project/launch/optical_flow_processor.launch.py
/home/naor/Ai_gps_ros2/install/drone_project/share/drone_project/launch/drone_launch.py
/home/naor/Ai_gps_ros2/install/drone_project/share/ament_index/resource_index/packages/drone_project
/home/naor/Ai_gps_ros2/install/drone_project/lib/python3.10/site-packages/drone_project-0.0.1-py3.10.egg-info/requires.txt
/home/naor/Ai_gps_ros2/install/drone_project/lib/python3.10/site-packages/drone_project-0.0.1-py3.10.egg-info/entry_points.txt
/home/naor/Ai_gps_ros2/install/drone_project/lib/python3.10/site-packages/drone_project-0.0.1-py3.10.egg-info/dependency_links.txt
/home/naor/Ai_gps_ros2/install/drone_project/lib/python3.10/site-packages/drone_project-0.0.1-py3.10.egg-info/top_level.txt
/home/naor/Ai_gps_ros2/install/drone_project/lib/python3.10/site-packages/drone_project-0.0.1-py3.10.egg-info/zip-safe
/home/naor/Ai_gps_ros2/install/drone_project/lib/python3.10/site-packages/drone_project-0.0.1-py3.10.egg-info/PKG-INFO
/home/naor/Ai_gps_ros2/install/drone_project/lib/python3.10/site-packages/drone_project-0.0.1-py3.10.egg-info/SOURCES.txt
/home/naor/Ai_gps_ros2/install/drone_project/lib/drone_project/esc_data_processor
/home/naor/Ai_gps_ros2/install/drone_project/lib/drone_project/optical_flow_processor
/home/naor/Ai_gps_ros2/install/drone_project/lib/drone_project/pose_converter
