[0.522s] Invoking command in '/home/naor/Ai_gps_ros2/src/drone_project': PYTHONPATH=/home/naor/Ai_gps_ros2/build/drone_project/prefix_override:/home/naor/Ai_gps_ros2/install/drone_project/lib/python3.10/site-packages:${PYTHONPATH} /usr/bin/python3 -W ignore:setup.py install is deprecated setup.py egg_info --egg-base ../../build/drone_project build --build-base /home/naor/Ai_gps_ros2/build/drone_project/build install --record /home/naor/Ai_gps_ros2/build/drone_project/install.log --single-version-externally-managed install_data
[0.709s] running egg_info
[0.709s] creating ../../build/drone_project/drone_project.egg-info
[0.723s] writing ../../build/drone_project/drone_project.egg-info/PKG-INFO
[0.723s] writing dependency_links to ../../build/drone_project/drone_project.egg-info/dependency_links.txt
[0.723s] writing entry points to ../../build/drone_project/drone_project.egg-info/entry_points.txt
[0.723s] writing requirements to ../../build/drone_project/drone_project.egg-info/requires.txt
[0.723s] writing top-level names to ../../build/drone_project/drone_project.egg-info/top_level.txt
[0.723s] writing manifest file '../../build/drone_project/drone_project.egg-info/SOURCES.txt'
[0.749s] reading manifest file '../../build/drone_project/drone_project.egg-info/SOURCES.txt'
[0.749s] writing manifest file '../../build/drone_project/drone_project.egg-info/SOURCES.txt'
[0.749s] running build
[0.749s] running build_py
[0.749s] creating /home/naor/Ai_gps_ros2/build/drone_project/build
[0.750s] creating /home/naor/Ai_gps_ros2/build/drone_project/build/lib
[0.750s] creating /home/naor/Ai_gps_ros2/build/drone_project/build/lib/drone_project
[0.750s] copying drone_project/optical_flow_processor.py -> /home/naor/Ai_gps_ros2/build/drone_project/build/lib/drone_project
[0.750s] copying drone_project/get_data.py -> /home/naor/Ai_gps_ros2/build/drone_project/build/lib/drone_project
[0.750s] copying drone_project/esc_data_processor.py -> /home/naor/Ai_gps_ros2/build/drone_project/build/lib/drone_project
[0.750s] copying drone_project/__init__.py -> /home/naor/Ai_gps_ros2/build/drone_project/build/lib/drone_project
[0.750s] copying drone_project/test.py -> /home/naor/Ai_gps_ros2/build/drone_project/build/lib/drone_project
[0.750s] copying drone_project/pose_converter.py -> /home/naor/Ai_gps_ros2/build/drone_project/build/lib/drone_project
[0.750s] running install
[0.754s] running install_lib
[0.765s] creating /home/naor/Ai_gps_ros2/install/drone_project/lib/python3.10/site-packages/drone_project
[0.765s] copying /home/naor/Ai_gps_ros2/build/drone_project/build/lib/drone_project/optical_flow_processor.py -> /home/naor/Ai_gps_ros2/install/drone_project/lib/python3.10/site-packages/drone_project
[0.765s] copying /home/naor/Ai_gps_ros2/build/drone_project/build/lib/drone_project/get_data.py -> /home/naor/Ai_gps_ros2/install/drone_project/lib/python3.10/site-packages/drone_project
[0.766s] copying /home/naor/Ai_gps_ros2/build/drone_project/build/lib/drone_project/esc_data_processor.py -> /home/naor/Ai_gps_ros2/install/drone_project/lib/python3.10/site-packages/drone_project
[0.766s] copying /home/naor/Ai_gps_ros2/build/drone_project/build/lib/drone_project/__init__.py -> /home/naor/Ai_gps_ros2/install/drone_project/lib/python3.10/site-packages/drone_project
[0.766s] copying /home/naor/Ai_gps_ros2/build/drone_project/build/lib/drone_project/test.py -> /home/naor/Ai_gps_ros2/install/drone_project/lib/python3.10/site-packages/drone_project
[0.766s] copying /home/naor/Ai_gps_ros2/build/drone_project/build/lib/drone_project/pose_converter.py -> /home/naor/Ai_gps_ros2/install/drone_project/lib/python3.10/site-packages/drone_project
[0.766s] byte-compiling /home/naor/Ai_gps_ros2/install/drone_project/lib/python3.10/site-packages/drone_project/optical_flow_processor.py to optical_flow_processor.cpython-310.pyc
[0.767s] byte-compiling /home/naor/Ai_gps_ros2/install/drone_project/lib/python3.10/site-packages/drone_project/get_data.py to get_data.cpython-310.pyc
[0.767s] byte-compiling /home/naor/Ai_gps_ros2/install/drone_project/lib/python3.10/site-packages/drone_project/esc_data_processor.py to esc_data_processor.cpython-310.pyc
[0.767s] byte-compiling /home/naor/Ai_gps_ros2/install/drone_project/lib/python3.10/site-packages/drone_project/__init__.py to __init__.cpython-310.pyc
[0.767s] byte-compiling /home/naor/Ai_gps_ros2/install/drone_project/lib/python3.10/site-packages/drone_project/test.py to test.cpython-310.pyc
[0.768s] byte-compiling /home/naor/Ai_gps_ros2/install/drone_project/lib/python3.10/site-packages/drone_project/pose_converter.py to pose_converter.cpython-310.pyc
[0.768s] running install_data
[0.768s] copying package.xml -> /home/naor/Ai_gps_ros2/install/drone_project/share/drone_project
[0.768s] creating /home/naor/Ai_gps_ros2/install/drone_project/share/drone_project/launch
[0.768s] copying launch/optical_flow_processor.launch.py -> /home/naor/Ai_gps_ros2/install/drone_project/share/drone_project/launch
[0.768s] copying launch/drone_launch.py -> /home/naor/Ai_gps_ros2/install/drone_project/share/drone_project/launch
[0.768s] creating /home/naor/Ai_gps_ros2/install/drone_project/share/ament_index
[0.768s] creating /home/naor/Ai_gps_ros2/install/drone_project/share/ament_index/resource_index
[0.768s] creating /home/naor/Ai_gps_ros2/install/drone_project/share/ament_index/resource_index/packages
[0.768s] copying resource/drone_project -> /home/naor/Ai_gps_ros2/install/drone_project/share/ament_index/resource_index/packages
[0.769s] running install_egg_info
[0.781s] Copying ../../build/drone_project/drone_project.egg-info to /home/naor/Ai_gps_ros2/install/drone_project/lib/python3.10/site-packages/drone_project-0.0.1-py3.10.egg-info
[0.782s] running install_scripts
[0.876s] Installing esc_data_processor script to /home/naor/Ai_gps_ros2/install/drone_project/lib/drone_project
[0.876s] Installing optical_flow_processor script to /home/naor/Ai_gps_ros2/install/drone_project/lib/drone_project
[0.876s] Installing pose_converter script to /home/naor/Ai_gps_ros2/install/drone_project/lib/drone_project
[0.876s] writing list of installed files to '/home/naor/Ai_gps_ros2/build/drone_project/install.log'
[0.893s] Invoked command in '/home/naor/Ai_gps_ros2/src/drone_project' returned '0': PYTHONPATH=/home/naor/Ai_gps_ros2/build/drone_project/prefix_override:/home/naor/Ai_gps_ros2/install/drone_project/lib/python3.10/site-packages:${PYTHONPATH} /usr/bin/python3 -W ignore:setup.py install is deprecated setup.py egg_info --egg-base ../../build/drone_project build --build-base /home/naor/Ai_gps_ros2/build/drone_project/build install --record /home/naor/Ai_gps_ros2/build/drone_project/install.log --single-version-externally-managed install_data
